z:\cs467\github\vectorized-particle-in-cell-code-with-graphics\release\vc142.pdb
z:\cs467\github\vectorized-particle-in-cell-code-with-graphics\release\pic.obj
z:\cs467\github\vectorized-particle-in-cell-code-with-graphics\release\particle.obj
z:\cs467\github\vectorized-particle-in-cell-code-with-graphics\release\openclutility.obj
z:\cs467\github\vectorized-particle-in-cell-code-with-graphics\release\mglin.obj
z:\cs467\github\vectorized-particle-in-cell-code-with-graphics\release\main.obj
z:\cs467\github\vectorized-particle-in-cell-code-with-graphics\release\ion_collisions.obj
z:\cs467\github\vectorized-particle-in-cell-code-with-graphics\release\graphs.obj
z:\cs467\github\vectorized-particle-in-cell-code-with-graphics\release\graphicsfonts.obj
z:\cs467\github\vectorized-particle-in-cell-code-with-graphics\release\graphics.obj
z:\cs467\github\vectorized-particle-in-cell-code-with-graphics\release\glslprogram.obj
z:\cs467\github\vectorized-particle-in-cell-code-with-graphics\release\fields.obj
z:\cs467\github\vectorized-particle-in-cell-code-with-graphics\release\e_collisions.obj
z:\cs467\github\vectorized-particle-in-cell-code-with-graphics\release\collisions.obj
z:\cs467\github\vectorized-particle-in-cell-code-with-graphics\release\boundary.obj
z:\cs467\github\vectorized-particle-in-cell-code-with-graphics\release\pic2d.exe
z:\cs467\github\vectorized-particle-in-cell-code-with-graphics\release\pic2d.pdb
z:\cs467\github\vectorized-particle-in-cell-code-with-graphics\release\pic2d.ipdb
z:\cs467\github\vectorized-particle-in-cell-code-with-graphics\release\pic2d.iobj
z:\cs467\github\vectorized-particle-in-cell-code-with-graphics\release\pic2d.tlog\cl.command.1.tlog
z:\cs467\github\vectorized-particle-in-cell-code-with-graphics\release\pic2d.tlog\cl.read.1.tlog
z:\cs467\github\vectorized-particle-in-cell-code-with-graphics\release\pic2d.tlog\cl.write.1.tlog
z:\cs467\github\vectorized-particle-in-cell-code-with-graphics\release\pic2d.tlog\link.command.1.tlog
z:\cs467\github\vectorized-particle-in-cell-code-with-graphics\release\pic2d.tlog\link.read.1.tlog
z:\cs467\github\vectorized-particle-in-cell-code-with-graphics\release\pic2d.tlog\link.write.1.tlog
z:\cs467\github\vectorized-particle-in-cell-code-with-graphics\release\pic2d.tlog\pic2d.write.1u.tlog
